<?xml version="1.0" encoding="UTF-8"?>
<testsuite xmlns:xsi="http://www.w3.org/2001/XMLSchema-instance" xsi:noNamespaceSchemaLocation="https://maven.apache.org/surefire/maven-surefire-plugin/xsd/surefire-test-report.xsd" name="TestSuite" time="44.525" tests="2" errors="0" skipped="0" failures="0">
  <properties>
    <property name="java.vendor" value="AdoptOpenJDK"/>
    <property name="JOB_NAME" value="OrangeHRM"/>
    <property name="RUN_TESTS_DISPLAY_URL" value="http://localhost:8080/job/OrangeHRM/44/display/redirect?page=tests"/>
    <property name="sun.java.launcher" value="SUN_STANDARD"/>
    <property name="NUMBER_OF_PROCESSORS" value="8"/>
    <property name="sun.management.compiler" value="HotSpot 64-Bit Tiered Compilers"/>
    <property name="JENKINS_HOME" value="D:\JenkinsHome"/>
    <property name="HUDSON_SERVER_COOKIE" value="1ee2a4d713284aa3"/>
    <property name="POM_ARTIFACTID" value="OrangeHRM"/>
    <property name="os.name" value="Windows 10"/>
    <property name="sun.boot.class.path" value="C:\Program Files\AdoptOpenJDK\jdk-8.0.242.08\jre\lib\resources.jar;C:\Program Files\AdoptOpenJDK\jdk-8.0.242.08\jre\lib\rt.jar;C:\Program Files\AdoptOpenJDK\jdk-8.0.242.08\jre\lib\sunrsasign.jar;C:\Program Files\AdoptOpenJDK\jdk-8.0.242.08\jre\lib\jsse.jar;C:\Program Files\AdoptOpenJDK\jdk-8.0.242.08\jre\lib\jce.jar;C:\Program Files\AdoptOpenJDK\jdk-8.0.242.08\jre\lib\charsets.jar;C:\Program Files\AdoptOpenJDK\jdk-8.0.242.08\jre\lib\jfr.jar;C:\Program Files\AdoptOpenJDK\jdk-8.0.242.08\jre\classes"/>
    <property name="EXECUTOR_NUMBER" value="0"/>
    <property name="sun.desktop" value="windows"/>
    <property name="PATHEXT" value=".COM;.EXE;.BAT;.CMD;.VBS;.VBE;.JS;.JSE;.WSF;.WSH;.MSC"/>
    <property name="java.vm.specification.vendor" value="Oracle Corporation"/>
    <property name="POM_DISPLAYNAME" value="OrangeHRM"/>
    <property name="NODE_LABELS" value="master"/>
    <property name="TEMP" value="C:\Users\Vrushali\AppData\Local\Temp"/>
    <property name="java.runtime.version" value="1.8.0_242-b08"/>
    <property name="user.name" value="Vrushali"/>
    <property name="guice.disable.misplaced.annotation.check" value="true"/>
    <property name="CommonProgramW6432" value="C:\Program Files\Common Files"/>
    <property name="ProgramFiles" value="C:\Program Files"/>
    <property name="PROMPT" value="$P$G"/>
    <property name="user.language" value="en"/>
    <property name="JOB_BASE_NAME" value="OrangeHRM"/>
    <property name="RUN_CHANGES_DISPLAY_URL" value="http://localhost:8080/job/OrangeHRM/44/display/redirect?page=changes"/>
    <property name="BUILD_DISPLAY_NAME" value="#44"/>
    <property name="OneDrive" value="C:\Users\Vrushali\OneDrive"/>
    <property name="sun.boot.library.path" value="C:\Program Files\AdoptOpenJDK\jdk-8.0.242.08\jre\bin"/>
    <property name="LOCALAPPDATA" value="C:\Users\Vrushali\AppData\Local"/>
    <property name="java.version" value="1.8.0_242"/>
    <property name="PROCESSOR_LEVEL" value="6"/>
    <property name="user.timezone" value="Asia/Calcutta"/>
    <property name="USERNAME" value="Vrushali"/>
    <property name="sun.arch.data.model" value="64"/>
    <property name="NODE_NAME" value="master"/>
    <property name="java.endorsed.dirs" value="C:\Program Files\AdoptOpenJDK\jdk-8.0.242.08\jre\lib\endorsed"/>
    <property name="BUILD_ID" value="44"/>
    <property name="sun.cpu.isalist" value="amd64"/>
    <property name="sun.jnu.encoding" value="Cp1252"/>
    <property name="file.encoding.pkg" value="sun.io"/>
    <property name="file.separator" value="\"/>
    <property name="java.specification.name" value="Java Platform API Specification"/>
    <property name="HOMEDRIVE" value="C:"/>
    <property name="maven.conf" value="C:\Program Files\Maven\apache-maven-3.6.3\conf"/>
    <property name="java.class.version" value="52.0"/>
    <property name="=::" value="::\"/>
    <property name="org.slf4j.simpleLogger.defaultLogLevel" value="info"/>
    <property name="user.country" value="US"/>
    <property name="ALLUSERSPROFILE" value="C:\ProgramData"/>
    <property name="java.home" value="C:\Program Files\AdoptOpenJDK\jdk-8.0.242.08\jre"/>
    <property name="java.vm.info" value="mixed mode"/>
    <property name="os.version" value="10.0"/>
    <property name="RUN_DISPLAY_URL" value="http://localhost:8080/job/OrangeHRM/44/display/redirect"/>
    <property name="POM_VERSION" value="0.0.1-SNAPSHOT"/>
    <property name="TMP" value="C:\Users\Vrushali\AppData\Local\Temp"/>
    <property name="RUN_ARTIFACTS_DISPLAY_URL" value="http://localhost:8080/job/OrangeHRM/44/display/redirect?page=artifacts"/>
    <property name="path.separator" value=";"/>
    <property name="java.vm.version" value="25.242-b08"/>
    <property name="user.variant" value=""/>
    <property name="JOB_DISPLAY_URL" value="http://localhost:8080/job/OrangeHRM/display/redirect"/>
    <property name="CommonProgramFiles(x86)" value="C:\Program Files (x86)\Common Files"/>
    <property name="USERDOMAIN_ROAMINGPROFILE" value="DESKTOP-H4LHD4U"/>
    <property name="java.awt.printerjob" value="sun.awt.windows.WPrinterJob"/>
    <property name="JAVA_HOME" value="C:\Program Files\AdoptOpenJDK\jdk-8.0.242.08"/>
    <property name="sun.io.unicode.encoding" value="UnicodeLittle"/>
    <property name="CommonProgramFiles" value="C:\Program Files\Common Files"/>
    <property name="ComSpec" value="C:\WINDOWS\system32\cmd.exe"/>
    <property name="HOMEPATH" value="\Users\Vrushali"/>
    <property name="awt.toolkit" value="sun.awt.windows.WToolkit"/>
    <property name="POM_PACKAGING" value="jar"/>
    <property name="user.script" value=""/>
    <property name="COMPUTERNAME" value="DESKTOP-H4LHD4U"/>
    <property name="POM_GROUPID" value="com.selenium.net"/>
    <property name="user.home" value="C:\Users\Vrushali"/>
    <property name="PUBLIC" value="C:\Users\Public"/>
    <property name="BUILD_TAG" value="jenkins-OrangeHRM-44"/>
    <property name="JENKINS_SERVER_COOKIE" value="1ee2a4d713284aa3"/>
    <property name="HUDSON_URL" value="http://localhost:8080/"/>
    <property name="ProgramData" value="C:\ProgramData"/>
    <property name="java.specification.vendor" value="Oracle Corporation"/>
    <property name="USERPROFILE" value="C:\Users\Vrushali"/>
    <property name="CLASSPATH" value=""/>
    <property name="java.vendor.url" value="http://java.oracle.com/"/>
    <property name="java.library.path" value="C:\Program Files\AdoptOpenJDK\jdk-8.0.242.08\bin;C:\WINDOWS\Sun\Java\bin;C:\WINDOWS\system32;C:\WINDOWS;C:\Program Files\Maven\apache-maven-3.6.3/bin;C:\Program Files\AdoptOpenJDK\jdk-8.0.242.08/bin;C:\Program Files\AdoptOpenJDK\jdk-8.0.242.08/bin;C:\Program Files\AdoptOpenJDK\jdk-8.0.242.08\bin;C:\WINDOWS\system32;C:\WINDOWS;C:\WINDOWS\System32\Wbem;C:\WINDOWS\System32\WindowsPowerShell\v1.0\;C:\WINDOWS\System32\OpenSSH\;C:\Program Files (x86)\Intel\Intel(R) Management Engine Components\DAL;C:\Program Files\Intel\Intel(R) Management Engine Components\DAL;C:\Program Files\AdoptOpenJDK\jdk-8.0.242.08\bin;C:\Program Files\Maven\apache-maven-3.6.3\bin;C:\Program Files\Notepad++;C:\Program Files\Perforce\;C:\Program Files\Perforce;C:\allure-commandline-2.13.8\allure-2.13.8\bin;C:\Program Files\Git\cmd;C:\Program Files\MySQL\MySQL Shell 8.0\bin\;C:\Users\Vrushali\AppData\Local\Microsoft\WindowsApps;C:\Program Files (x86)\openjdk11\jdk-11\bin;;."/>
    <property name="URL" value="BUILD_URL"/>
    <property name="java.vm.vendor" value=""/>
    <property name="APPDATA" value="C:\Users\Vrushali\AppData\Roaming"/>
    <property name="java.runtime.name" value="OpenJDK Runtime Environment"/>
    <property name="maven.home" value="C:\Program Files\Maven\apache-maven-3.6.3"/>
    <property name="java.class.path" value="D:\JenkinsHome\plugins\maven-plugin\WEB-INF\lib\maven35-agent-1.13.jar;C:\Program Files\Maven\apache-maven-3.6.3\boot\plexus-classworlds-2.6.0.jar;C:\Program Files\Maven\apache-maven-3.6.3/conf/logging"/>
    <property name="sun.java.command" value="jenkins.maven3.agent.Maven35Main C:\Program Files\Maven\apache-maven-3.6.3 D:\JenkinsHome\war\WEB-INF\lib\remoting-4.5.jar D:\JenkinsHome\plugins\maven-plugin\WEB-INF\lib\maven35-interceptor-1.13.jar D:\JenkinsHome\plugins\maven-plugin\WEB-INF\lib\maven3-interceptor-commons-1.13.jar 57562"/>
    <property name="Path" value="C:\Program Files\AdoptOpenJDK\jdk-8.0.242.08/bin;C:\Program Files\AdoptOpenJDK\jdk-8.0.242.08\bin;C:\WINDOWS\system32;C:\WINDOWS;C:\WINDOWS\System32\Wbem;C:\WINDOWS\System32\WindowsPowerShell\v1.0\;C:\WINDOWS\System32\OpenSSH\;C:\Program Files (x86)\Intel\Intel(R) Management Engine Components\DAL;C:\Program Files\Intel\Intel(R) Management Engine Components\DAL;C:\Program Files\AdoptOpenJDK\jdk-8.0.242.08\bin;C:\Program Files\Maven\apache-maven-3.6.3\bin;C:\Program Files\Notepad++;C:\Program Files\Perforce\;C:\Program Files\Perforce;C:\allure-commandline-2.13.8\allure-2.13.8\bin;C:\Program Files\Git\cmd;C:\Program Files\MySQL\MySQL Shell 8.0\bin\;C:\Users\Vrushali\AppData\Local\Microsoft\WindowsApps;C:\Program Files (x86)\openjdk11\jdk-11\bin;"/>
    <property name="java.vm.specification.name" value="Java Virtual Machine Specification"/>
    <property name="PROCESSOR_ARCHITECTURE" value="AMD64"/>
    <property name="PATH+JDK" value="C:\Program Files\AdoptOpenJDK\jdk-8.0.242.08/bin"/>
    <property name="PROCESSOR_IDENTIFIER" value="Intel64 Family 6 Model 142 Stepping 12, GenuineIntel"/>
    <property name="SESSIONNAME" value="Console"/>
    <property name="java.vm.specification.version" value="1.8"/>
    <property name="sun.os.patch.level" value=""/>
    <property name="sun.cpu.endian" value="little"/>
    <property name="M2_HOME" value="C:\Program Files\Maven\apache-maven-3.6.3"/>
    <property name="=D:" value="D:\Jenkins"/>
    <property name="java.io.tmpdir" value="C:\Users\Vrushali\AppData\Local\Temp\"/>
    <property name="OS" value="Windows_NT"/>
    <property name="HUDSON_HOME" value="D:\JenkinsHome"/>
    <property name="PATH+MAVEN" value="C:\Program Files\Maven\apache-maven-3.6.3/bin"/>
    <property name="ProgramFiles(x86)" value="C:\Program Files (x86)"/>
    <property name="BUILD_URL" value="https://opensource-demo.orangehrmlive.com/"/>
    <property name="java.vendor.url.bug" value="http://bugreport.sun.com/bugreport/"/>
    <property name="java.awt.graphicsenv" value="sun.awt.Win32GraphicsEnvironment"/>
    <property name="os.arch" value="amd64"/>
    <property name="SystemRoot" value="C:\WINDOWS"/>
    <property name="java.ext.dirs" value="C:\Program Files\AdoptOpenJDK\jdk-8.0.242.08\jre\lib\ext;C:\WINDOWS\Sun\Java\lib\ext"/>
    <property name="user.dir" value="D:\Workspace\OrangeHRM"/>
    <property name="JOB_URL" value="http://localhost:8080/job/OrangeHRM/"/>
    <property name="LOGONSERVER" value="\\DESKTOP-H4LHD4U"/>
    <property name="USERDOMAIN" value="DESKTOP-H4LHD4U"/>
    <property name="line.separator" value="&#10;"/>
    <property name="MAVEN_HOME" value="C:\Program Files\Maven\apache-maven-3.6.3"/>
    <property name="java.vm.name" value="OpenJDK 64-Bit Server VM"/>
    <property name="BUILD_NUMBER" value="44"/>
    <property name="JENKINS_URL" value="http://localhost:8080/"/>
    <property name="PROCESSOR_REVISION" value="8e0c"/>
    <property name="ProgramW6432" value="C:\Program Files"/>
    <property name="windir" value="C:\WINDOWS"/>
    <property name="file.encoding" value="Cp1252"/>
    <property name="SystemDrive" value="C:"/>
    <property name="maven3.interceptor" value="D:\JenkinsHome\plugins\maven-plugin\WEB-INF\lib\maven35-interceptor-1.13.jar"/>
    <property name="WORKSPACE_TMP" value="D:\Workspace\OrangeHRM@tmp"/>
    <property name="WORKSPACE" value="D:\Workspace\OrangeHRM"/>
    <property name="maven3.interceptor.common" value="D:\JenkinsHome\plugins\maven-plugin\WEB-INF\lib\maven3-interceptor-commons-1.13.jar"/>
    <property name="java.specification.version" value="1.8"/>
    <property name="PSModulePath" value="C:\Program Files\WindowsPowerShell\Modules;C:\WINDOWS\system32\WindowsPowerShell\v1.0\Modules"/>
    <property name="DriverData" value="C:\Windows\System32\Drivers\DriverData"/>
  </properties>
  <testcase name="initializePageFactory" classname="Tests.Home" time="0.137"/>
  <testcase name="login" classname="Tests.Home" time="28.134"/>
</testsuite>