<?xml version="1.0" encoding="UTF-8"?>
<!-- Generated by org.testng.reporters.JUnitReportReporter -->
<testsuite hostname="DESKTOP-H4LHD4U" name="Tests.TestNGAllureReport" tests="1" failures="0" timestamp="8 Mar 2021 08:32:33 GMT" time="12.572" errors="0">
  <testcase name="functionTest" time="12.572" classname="Tests.TestNGAllureReport"/>
</testsuite> <!-- Tests.TestNGAllureReport -->
