<?xml version="1.0" encoding="UTF-8"?>
<!-- Generated by org.testng.reporters.JUnitReportReporter -->
<testsuite skipped="1" hostname="DESKTOP-H4LHD4U" name="Tests.Home" tests="3" failures="0" timestamp="2021-03-11T00:21:13 IST" time="49.106" errors="0">
  <testcase name="initializePageFactory" time="5.655" classname="Tests.Home"/>
  <system-out/>
  <testcase name="verifyAssignLeave" time="43.451" classname="Tests.Home"/>
  <system-out/>
  <testcase name="login" classname="Tests.Home">
    <skipped/>
  </testcase> <!-- login -->
  <system-out/>
</testsuite> <!-- Tests.Home -->
