<?xml version="1.0" encoding="UTF-8"?>
<!-- Generated by org.testng.reporters.JUnitReportReporter -->
<testsuite skipped="0" hostname="DESKTOP-H4LHD4U" name="Tests.Home" tests="2" failures="0" timestamp="2021-03-10T11:45:20 IST" time="40.566" errors="0">
  <testcase name="initializePageFactory" time="5.115" classname="Tests.Home"/>
  <system-out/>
  <testcase name="login" time="35.451" classname="Tests.Home"/>
  <system-out/>
</testsuite> <!-- Tests.Home -->
